\BOOKMARK [0][-]{chapter.1}{\376\377\000P\000y\000C\000o\000m\000P}{}% 1
\BOOKMARK [1][-]{section.1.1}{\376\377\000C\000o\000r\000e}{chapter.1}% 2
\BOOKMARK [2][-]{subsection.1.1.1}{\376\377\000c\000o\000r\000e\000.\000d\000a\000t\000a\000\040\000m\000o\000d\000u\000l\000e}{section.1.1}% 3
\BOOKMARK [3][-]{subsubsection*.4}{\376\377\000M\000e\000t\000h\000o\000d\000s}{subsection.1.1.1}% 4
\BOOKMARK [3][-]{subsubsection*.5}{\376\377\000R\000a\000i\000s\000e\000s}{subsection.1.1.1}% 5
\BOOKMARK [2][-]{subsection.1.1.2}{\376\377\000M\000o\000d\000u\000l\000e\000\040\000c\000o\000n\000t\000e\000n\000t\000s}{section.1.1}% 6
\BOOKMARK [1][-]{section.1.2}{\376\377\000H\000u\000f\000f\000m\000a\000n\000\040\000C\000o\000d\000i\000n\000g}{chapter.1}% 7
\BOOKMARK [1][-]{section.1.3}{\376\377\000A\000r\000i\000t\000h\000m\000e\000t\000i\000c\000\040\000C\000o\000d\000i\000n\000g}{chapter.1}% 8
\BOOKMARK [1][-]{section.1.4}{\376\377\000S\000y\000m\000m\000e\000t\000r\000i\000c\000\040\000N\000u\000m\000e\000r\000a\000l}{chapter.1}% 9
\BOOKMARK [1][-]{section.1.5}{\376\377\000A\000N\000S}{chapter.1}% 10
\BOOKMARK [1][-]{section.1.6}{\376\377\000u\000A\000B\000S}{chapter.1}% 11
\BOOKMARK [1][-]{section.1.7}{\376\377\000S\000t\000r\000e\000a\000m\000i\000n\000g\000\040\000A\000N\000S}{chapter.1}% 12
\BOOKMARK [1][-]{section.1.8}{\376\377\000F\000i\000l\000e\000\040\000C\000o\000m\000p\000r\000e\000s\000s\000o\000r}{chapter.1}% 13
\BOOKMARK [2][-]{subsection.1.8.1}{\376\377\000p\000a\000r\000a\000m\000e\000t\000e\000r\000:}{section.1.8}% 14
\BOOKMARK [1][-]{section.1.9}{\376\377\000U\000t\000i\000l\000s}{chapter.1}% 15
\BOOKMARK [2][-]{subsection.1.9.1}{\376\377\000u\000t\000i\000l\000s\000.\000a\000c\000\137\000u\000t\000i\000l\000s\000\040\000m\000o\000d\000u\000l\000e}{section.1.9}% 16
\BOOKMARK [2][-]{subsection.1.9.2}{\376\377\000u\000t\000i\000l\000s\000.\000b\000i\000t\000\137\000a\000r\000r\000a\000y\000\137\000u\000t\000i\000l\000s\000\040\000m\000o\000d\000u\000l\000e}{section.1.9}% 17
\BOOKMARK [2][-]{subsection.1.9.3}{\376\377\000u\000t\000i\000l\000s\000.\000f\000i\000l\000e\000\137\000u\000t\000i\000l\000s\000\040\000m\000o\000d\000u\000l\000e}{section.1.9}% 18
\BOOKMARK [2][-]{subsection.1.9.4}{\376\377\000u\000t\000i\000l\000s\000.\000u\000t\000i\000l\000s\000\040\000m\000o\000d\000u\000l\000e}{section.1.9}% 19
\BOOKMARK [2][-]{subsection.1.9.5}{\376\377\000M\000o\000d\000u\000l\000e\000\040\000c\000o\000n\000t\000e\000n\000t\000s}{section.1.9}% 20
\BOOKMARK [0][-]{chapter.2}{\376\377\000I\000n\000d\000i\000c\000e\000s\000\040\000a\000n\000d\000\040\000t\000a\000b\000l\000e\000s}{}% 21
\BOOKMARK [0][-]{section*.70}{\376\377\000P\000y\000t\000h\000o\000n\000\040\000M\000o\000d\000u\000l\000e\000\040\000I\000n\000d\000e\000x}{}% 22
\BOOKMARK [0][-]{section*.71}{\376\377\000I\000n\000d\000e\000x}{}% 23
